0 info it worked if it ends with ok
1 verbose cli [ 'C:\\Program Files\\nodejs\\node.exe',
1 verbose cli   'C:\\Program Files\\nodejs\\node_modules\\npm\\bin\\npm-cli.js',
1 verbose cli   'install',
1 verbose cli   'oracledb' ]
2 info using npm@2.14.12
3 info using node@v4.3.1
4 verbose config Skipping project config: C:\Users\leo.alves/.npmrc. (matches userconfig)
5 verbose install initial load of C:\Users\leo.alves\package.json
6 verbose installManyTop reading scoped package data from C:\Users\leo.alves\node_modules\express\package.json
7 verbose installManyTop reading scoped package data from C:\Users\leo.alves\node_modules\mongojs\package.json
8 verbose readDependencies loading dependencies from C:\Users\leo.alves\package.json
9 silly cache add args [ 'oracledb', null ]
10 verbose cache add spec oracledb
11 silly cache add parsed spec Result {
11 silly cache add   raw: 'oracledb',
11 silly cache add   scope: null,
11 silly cache add   name: 'oracledb',
11 silly cache add   rawSpec: '',
11 silly cache add   spec: 'latest',
11 silly cache add   type: 'tag' }
12 silly addNamed oracledb@latest
13 verbose addNamed "latest" is being treated as a dist-tag for oracledb
14 info addNameTag [ 'oracledb', 'latest' ]
15 silly mapToRegistry name oracledb
16 silly mapToRegistry using default registry
17 silly mapToRegistry registry https://registry.npmjs.org/
18 silly mapToRegistry uri https://registry.npmjs.org/oracledb
19 verbose addNameTag registry:https://registry.npmjs.org/oracledb not in flight; fetching
20 verbose request uri https://registry.npmjs.org/oracledb
21 verbose request no auth needed
22 info attempt registry request try #1 at 12:55:01
23 verbose request id 95548c50b14c59c5
24 verbose etag "BAU7OMD1PH5JI403OUOZY6M2N"
25 http request GET https://registry.npmjs.org/oracledb
26 http 200 https://registry.npmjs.org/oracledb
27 verbose headers { server: 'CouchDB/1.5.0 (Erlang OTP/R16B03)',
27 verbose headers   etag: '"8B1BTR5A1PHZATIKCVK5GTHH0"',
27 verbose headers   'content-type': 'application/json',
27 verbose headers   'cache-control': 'max-age=300',
27 verbose headers   'content-length': '25891',
27 verbose headers   'accept-ranges': 'bytes',
27 verbose headers   date: 'Fri, 26 Feb 2016 15:55:46 GMT',
27 verbose headers   via: '1.1 varnish',
27 verbose headers   age: '285',
27 verbose headers   connection: 'keep-alive',
27 verbose headers   'x-served-by': 'cache-jfk1037-JFK',
27 verbose headers   'x-cache': 'HIT',
27 verbose headers   'x-cache-hits': '1',
27 verbose headers   'x-timer': 'S1456502146.752872,VS0,VE0',
27 verbose headers   vary: 'Accept' }
28 silly get cb [ 200,
28 silly get   { server: 'CouchDB/1.5.0 (Erlang OTP/R16B03)',
28 silly get     etag: '"8B1BTR5A1PHZATIKCVK5GTHH0"',
28 silly get     'content-type': 'application/json',
28 silly get     'cache-control': 'max-age=300',
28 silly get     'content-length': '25891',
28 silly get     'accept-ranges': 'bytes',
28 silly get     date: 'Fri, 26 Feb 2016 15:55:46 GMT',
28 silly get     via: '1.1 varnish',
28 silly get     age: '285',
28 silly get     connection: 'keep-alive',
28 silly get     'x-served-by': 'cache-jfk1037-JFK',
28 silly get     'x-cache': 'HIT',
28 silly get     'x-cache-hits': '1',
28 silly get     'x-timer': 'S1456502146.752872,VS0,VE0',
28 silly get     vary: 'Accept' } ]
29 verbose get saving oracledb to C:\Users\leo.alves\AppData\Roaming\npm-cache\registry.npmjs.org\oracledb\.cache.json
30 silly addNameTag next cb for oracledb with tag latest
31 silly addNamed oracledb@1.6.0
32 verbose addNamed "1.6.0" is a plain semver version for oracledb
33 silly cache afterAdd oracledb@1.6.0
34 verbose afterAdd C:\Users\leo.alves\AppData\Roaming\npm-cache\oracledb\1.6.0\package\package.json not in flight; writing
35 verbose afterAdd C:\Users\leo.alves\AppData\Roaming\npm-cache\oracledb\1.6.0\package\package.json written
36 silly install resolved [ { name: 'oracledb',
36 silly install resolved     version: '1.6.0',
36 silly install resolved     description: 'Oracle Database driver by Oracle Corp.',
36 silly install resolved     license: 'Apache-2.0',
36 silly install resolved     homepage: 'http://www.oracle.com/technetwork/database/database-technologies/scripting-languages/node_js/',
36 silly install resolved     keywords:
36 silly install resolved      [ 'oracledb',
36 silly install resolved        'dboracle',
36 silly install resolved        'Node.js',
36 silly install resolved        'SQL',
36 silly install resolved        'PL/SQL',
36 silly install resolved        'connection',
36 silly install resolved        'connectivity',
36 silly install resolved        'OCI',
36 silly install resolved        'client',
36 silly install resolved        'plugin',
36 silly install resolved        'library',
36 silly install resolved        'driver',
36 silly install resolved        'add-on',
36 silly install resolved        'extension',
36 silly install resolved        'binding',
36 silly install resolved        'interface',
36 silly install resolved        'adapter',
36 silly install resolved        'module',
36 silly install resolved        'DB',
36 silly install resolved        'official',
36 silly install resolved        'Database',
36 silly install resolved        'Oracle' ],
36 silly install resolved     repository:
36 silly install resolved      { type: 'git',
36 silly install resolved        url: 'git://github.com/oracle/node-oracledb.git' },
36 silly install resolved     dependencies: { nan: '~2.1.0' },
36 silly install resolved     devDependencies: { mocha: '~2.2.5', should: '~6.0.1', async: '~0.9.0' },
36 silly install resolved     scripts:
36 silly install resolved      { test: 'mocha -R spec --timeout 10000 test/*.js',
36 silly install resolved        testWindows: 'mocha -R spec --timeout 0 test\\*.js',
36 silly install resolved        install: 'node-gyp rebuild' },
36 silly install resolved     engines: { node: '>=0.10.28 <6' },
36 silly install resolved     maintainers: [ [Object], [Object] ],
36 silly install resolved     bugs: { url: 'https://github.com/oracle/node-oracledb/issues' },
36 silly install resolved     main: './index.js',
36 silly install resolved     gypfile: true,
36 silly install resolved     _id: 'oracledb@1.6.0',
36 silly install resolved     _shasum: '5466c37af2f87baa09d4fd2e036c6aecbd6ed2b2',
36 silly install resolved     _resolved: 'https://registry.npmjs.org/oracledb/-/oracledb-1.6.0.tgz',
36 silly install resolved     _from: 'oracledb@latest',
36 silly install resolved     _npmVersion: '2.14.12',
36 silly install resolved     _nodeVersion: '4.2.6',
36 silly install resolved     _npmUser: { name: 'cjbj', email: 'christopher.jones@oracle.com' },
36 silly install resolved     dist:
36 silly install resolved      { shasum: '5466c37af2f87baa09d4fd2e036c6aecbd6ed2b2',
36 silly install resolved        tarball: 'http://registry.npmjs.org/oracledb/-/oracledb-1.6.0.tgz' },
36 silly install resolved     directories: {},
36 silly install resolved     readme: 'ERROR: No README data found!' } ]
37 info install oracledb@1.6.0 into C:\Users\leo.alves
38 info installOne oracledb@1.6.0
39 verbose installOne of oracledb to C:\Users\leo.alves not in flight; installing
40 verbose lock using C:\Users\leo.alves\AppData\Roaming\npm-cache\_locks\oracledb-4c276b49e220f078.lock for C:\Users\leo.alves\node_modules\oracledb
41 silly install write writing oracledb 1.6.0 to C:\Users\leo.alves\node_modules\oracledb
42 verbose unbuild node_modules\oracledb
43 silly gentlyRm C:\Users\leo.alves\node_modules\oracledb is being purged from base C:\Users\leo.alves
44 verbose gentlyRm don't care about contents; nuking C:\Users\leo.alves\node_modules\oracledb
45 verbose tar unpack C:\Users\leo.alves\AppData\Roaming\npm-cache\oracledb\1.6.0\package.tgz
46 verbose tar unpacking to C:\Users\leo.alves\node_modules\oracledb
47 silly gentlyRm C:\Users\leo.alves\node_modules\oracledb is being purged
48 verbose gentlyRm don't care about contents; nuking C:\Users\leo.alves\node_modules\oracledb
49 silly gunzTarPerm modes [ '777', '666' ]
50 silly gunzTarPerm extractEntry package.json
51 silly gunzTarPerm modified mode [ 'package.json', 420, 438 ]
52 silly gunzTarPerm extractEntry README.md
53 silly gunzTarPerm modified mode [ 'README.md', 420, 438 ]
54 silly gunzTarPerm extractEntry index.js
55 silly gunzTarPerm modified mode [ 'index.js', 420, 438 ]
56 silly gunzTarPerm extractEntry CHANGELOG.md
57 silly gunzTarPerm modified mode [ 'CHANGELOG.md', 420, 438 ]
58 silly gunzTarPerm extractEntry LICENSE.md
59 silly gunzTarPerm modified mode [ 'LICENSE.md', 420, 438 ]
60 silly gunzTarPerm extractEntry binding.gyp
61 silly gunzTarPerm modified mode [ 'binding.gyp', 420, 438 ]
62 silly gunzTarPerm extractEntry lib/oracledb.js
63 silly gunzTarPerm modified mode [ 'lib/oracledb.js', 420, 438 ]
64 silly gunzTarPerm extractEntry src/dpi/include/dpi.h
65 silly gunzTarPerm modified mode [ 'src/dpi/include/dpi.h', 420, 438 ]
66 silly gunzTarPerm extractEntry src/dpi/include/dpiCommon.h
67 silly gunzTarPerm modified mode [ 'src/dpi/include/dpiCommon.h', 420, 438 ]
68 silly gunzTarPerm extractEntry src/dpi/include/dpiConn.h
69 silly gunzTarPerm modified mode [ 'src/dpi/include/dpiConn.h', 420, 438 ]
70 silly gunzTarPerm extractEntry src/dpi/include/dpiDateTimeArray.h
71 silly gunzTarPerm modified mode [ 'src/dpi/include/dpiDateTimeArray.h', 420, 438 ]
72 silly gunzTarPerm extractEntry src/dpi/include/dpiEnv.h
73 silly gunzTarPerm modified mode [ 'src/dpi/include/dpiEnv.h', 420, 438 ]
74 silly gunzTarPerm extractEntry src/dpi/include/dpiException.h
75 silly gunzTarPerm modified mode [ 'src/dpi/include/dpiException.h', 420, 438 ]
76 silly gunzTarPerm extractEntry src/dpi/include/dpiLob.h
77 silly gunzTarPerm modified mode [ 'src/dpi/include/dpiLob.h', 420, 438 ]
78 silly gunzTarPerm extractEntry src/dpi/include/dpiPool.h
79 silly gunzTarPerm modified mode [ 'src/dpi/include/dpiPool.h', 420, 438 ]
80 silly gunzTarPerm extractEntry src/dpi/include/dpiStmt.h
81 silly gunzTarPerm modified mode [ 'src/dpi/include/dpiStmt.h', 420, 438 ]
82 silly gunzTarPerm extractEntry src/dpi/src/dpiExceptionImpl.cpp
83 silly gunzTarPerm modified mode [ 'src/dpi/src/dpiExceptionImpl.cpp', 420, 438 ]
84 silly gunzTarPerm extractEntry src/dpi/src/dpiCommon.cpp
85 silly gunzTarPerm modified mode [ 'src/dpi/src/dpiCommon.cpp', 420, 438 ]
86 silly gunzTarPerm extractEntry src/dpi/src/dpiConnImpl.h
87 silly gunzTarPerm modified mode [ 'src/dpi/src/dpiConnImpl.h', 420, 438 ]
88 silly gunzTarPerm extractEntry src/dpi/src/dpiDateTimeArrayImpl.cpp
89 silly gunzTarPerm modified mode [ 'src/dpi/src/dpiDateTimeArrayImpl.cpp', 420, 438 ]
90 silly gunzTarPerm extractEntry src/dpi/src/dpiDateTimeArrayImpl.h
91 silly gunzTarPerm modified mode [ 'src/dpi/src/dpiDateTimeArrayImpl.h', 420, 438 ]
92 silly gunzTarPerm extractEntry src/dpi/src/dpiEnv.cpp
93 silly gunzTarPerm modified mode [ 'src/dpi/src/dpiEnv.cpp', 420, 438 ]
94 silly gunzTarPerm extractEntry src/dpi/src/dpiEnvImpl.cpp
95 silly gunzTarPerm modified mode [ 'src/dpi/src/dpiEnvImpl.cpp', 420, 438 ]
96 silly gunzTarPerm extractEntry src/dpi/src/dpiEnvImpl.h
97 silly gunzTarPerm modified mode [ 'src/dpi/src/dpiEnvImpl.h', 420, 438 ]
98 silly gunzTarPerm extractEntry src/dpi/src/dpiException.cpp
99 silly gunzTarPerm modified mode [ 'src/dpi/src/dpiException.cpp', 420, 438 ]
100 silly gunzTarPerm extractEntry src/dpi/src/dpiConnImpl.cpp
101 silly gunzTarPerm modified mode [ 'src/dpi/src/dpiConnImpl.cpp', 420, 438 ]
102 silly gunzTarPerm extractEntry src/dpi/src/dpiExceptionImpl.h
103 silly gunzTarPerm modified mode [ 'src/dpi/src/dpiExceptionImpl.h', 420, 438 ]
104 silly gunzTarPerm extractEntry src/dpi/src/dpiLob.cpp
105 silly gunzTarPerm modified mode [ 'src/dpi/src/dpiLob.cpp', 420, 438 ]
106 silly gunzTarPerm extractEntry src/dpi/src/dpiPoolImpl.cpp
107 silly gunzTarPerm modified mode [ 'src/dpi/src/dpiPoolImpl.cpp', 420, 438 ]
108 silly gunzTarPerm extractEntry src/dpi/src/dpiPoolImpl.h
109 silly gunzTarPerm modified mode [ 'src/dpi/src/dpiPoolImpl.h', 420, 438 ]
110 silly gunzTarPerm extractEntry src/dpi/src/dpiStmtImpl.cpp
111 silly gunzTarPerm modified mode [ 'src/dpi/src/dpiStmtImpl.cpp', 420, 438 ]
112 silly gunzTarPerm extractEntry src/dpi/src/dpiStmtImpl.h
113 silly gunzTarPerm modified mode [ 'src/dpi/src/dpiStmtImpl.h', 420, 438 ]
114 silly gunzTarPerm extractEntry src/dpi/src/dpiUtils.cpp
115 silly gunzTarPerm modified mode [ 'src/dpi/src/dpiUtils.cpp', 420, 438 ]
116 silly gunzTarPerm extractEntry src/dpi/src/dpiUtils.h
117 silly gunzTarPerm modified mode [ 'src/dpi/src/dpiUtils.h', 420, 438 ]
118 silly gunzTarPerm extractEntry src/njs/src/njsOracle.cpp
119 silly gunzTarPerm modified mode [ 'src/njs/src/njsOracle.cpp', 420, 438 ]
120 silly gunzTarPerm extractEntry src/njs/src/njsConnection.cpp
121 silly gunzTarPerm modified mode [ 'src/njs/src/njsConnection.cpp', 420, 438 ]
122 silly gunzTarPerm extractEntry src/njs/src/njsIntLob.cpp
123 silly gunzTarPerm modified mode [ 'src/njs/src/njsIntLob.cpp', 420, 438 ]
124 silly gunzTarPerm extractEntry src/njs/src/njsIntLob.h
125 silly gunzTarPerm modified mode [ 'src/njs/src/njsIntLob.h', 420, 438 ]
126 silly gunzTarPerm extractEntry src/njs/src/njsMessages.cpp
127 silly gunzTarPerm modified mode [ 'src/njs/src/njsMessages.cpp', 420, 438 ]
128 silly gunzTarPerm extractEntry src/njs/src/njsMessages.h
129 silly gunzTarPerm modified mode [ 'src/njs/src/njsMessages.h', 420, 438 ]
130 silly gunzTarPerm extractEntry src/njs/src/njsConnection.h
131 silly gunzTarPerm modified mode [ 'src/njs/src/njsConnection.h', 420, 438 ]
132 silly gunzTarPerm extractEntry src/njs/src/njsOracle.h
133 silly gunzTarPerm modified mode [ 'src/njs/src/njsOracle.h', 420, 438 ]
134 silly gunzTarPerm extractEntry src/njs/src/njsPool.cpp
135 silly gunzTarPerm modified mode [ 'src/njs/src/njsPool.cpp', 420, 438 ]
136 silly gunzTarPerm extractEntry src/njs/src/njsPool.h
137 silly gunzTarPerm modified mode [ 'src/njs/src/njsPool.h', 420, 438 ]
138 silly gunzTarPerm extractEntry src/njs/src/njsResultSet.cpp
139 silly gunzTarPerm modified mode [ 'src/njs/src/njsResultSet.cpp', 420, 438 ]
140 silly gunzTarPerm extractEntry src/njs/src/njsResultSet.h
141 silly gunzTarPerm modified mode [ 'src/njs/src/njsResultSet.h', 420, 438 ]
142 silly gunzTarPerm extractEntry src/njs/src/njsUtils.h
143 silly gunzTarPerm modified mode [ 'src/njs/src/njsUtils.h', 420, 438 ]
144 silly gunzTarPerm extractEntry test/README.md
145 silly gunzTarPerm modified mode [ 'test/README.md', 420, 438 ]
146 silly gunzTarPerm extractEntry test/dataTypeNumber2.js
147 silly gunzTarPerm modified mode [ 'test/dataTypeNumber2.js', 420, 438 ]
148 silly gunzTarPerm extractEntry test/dataTypeNvarchar2.js
149 silly gunzTarPerm modified mode [ 'test/dataTypeNvarchar2.js', 420, 438 ]
150 silly gunzTarPerm extractEntry test/dataTypeRaw.js
151 silly gunzTarPerm modified mode [ 'test/dataTypeRaw.js', 420, 438 ]
152 silly gunzTarPerm extractEntry test/dataTypeNumber.js
153 silly gunzTarPerm modified mode [ 'test/dataTypeNumber.js', 420, 438 ]
154 silly gunzTarPerm extractEntry test/dataTypeTimestamp1.js
155 silly gunzTarPerm modified mode [ 'test/dataTypeTimestamp1.js', 420, 438 ]
156 silly gunzTarPerm extractEntry test/accessTerminatedPoolAttributes.js
157 silly gunzTarPerm modified mode [ 'test/accessTerminatedPoolAttributes.js', 420, 438 ]
158 silly gunzTarPerm extractEntry test/dataTypeTimestamp3.js
159 silly gunzTarPerm modified mode [ 'test/dataTypeTimestamp3.js', 420, 438 ]
160 silly gunzTarPerm extractEntry test/dataTypeTimestamp4.js
161 silly gunzTarPerm modified mode [ 'test/dataTypeTimestamp4.js', 420, 438 ]
162 silly gunzTarPerm extractEntry test/dataTypeTimestamp5.js
163 silly gunzTarPerm modified mode [ 'test/dataTypeTimestamp5.js', 420, 438 ]
164 silly gunzTarPerm extractEntry test/dataTypeNchar.js
165 silly gunzTarPerm modified mode [ 'test/dataTypeNchar.js', 420, 438 ]
166 silly gunzTarPerm extractEntry test/dataTypeTimestamp6.js
167 silly gunzTarPerm modified mode [ 'test/dataTypeTimestamp6.js', 420, 438 ]
168 silly gunzTarPerm extractEntry test/dataTypeFloat2.js
169 silly gunzTarPerm modified mode [ 'test/dataTypeFloat2.js', 420, 438 ]
170 silly gunzTarPerm extractEntry test/dataTypeVarchar2.js
171 silly gunzTarPerm modified mode [ 'test/dataTypeVarchar2.js', 420, 438 ]
172 silly gunzTarPerm extractEntry test/dataTypeFloat.js
173 silly gunzTarPerm modified mode [ 'test/dataTypeFloat.js', 420, 438 ]
174 silly gunzTarPerm extractEntry test/dbConfig.js
175 silly gunzTarPerm modified mode [ 'test/dbConfig.js', 420, 438 ]
176 silly gunzTarPerm extractEntry test/dataTypeDate.js
177 silly gunzTarPerm modified mode [ 'test/dataTypeDate.js', 420, 438 ]
178 silly gunzTarPerm extractEntry test/dmlReturning.js
179 silly gunzTarPerm modified mode [ 'test/dmlReturning.js', 420, 438 ]
180 silly gunzTarPerm extractEntry test/dataTypeClob.js
181 silly gunzTarPerm modified mode [ 'test/dataTypeClob.js', 420, 438 ]
182 silly gunzTarPerm extractEntry test/examples.js
183 silly gunzTarPerm modified mode [ 'test/examples.js', 420, 438 ]
184 silly gunzTarPerm extractEntry test/dataTypeChar.js
185 silly gunzTarPerm modified mode [ 'test/dataTypeChar.js', 420, 438 ]
186 silly gunzTarPerm extractEntry test/externalAuthentication.js
187 silly gunzTarPerm modified mode [ 'test/externalAuthentication.js', 420, 438 ]
188 silly gunzTarPerm extractEntry test/dataTypeBlob.js
189 silly gunzTarPerm modified mode [ 'test/dataTypeBlob.js', 420, 438 ]
190 silly gunzTarPerm extractEntry test/fetchAs.js
191 silly gunzTarPerm modified mode [ 'test/fetchAs.js', 420, 438 ]
192 silly gunzTarPerm extractEntry test/dataTypeBinaryFloat.js
193 silly gunzTarPerm modified mode [ 'test/dataTypeBinaryFloat.js', 420, 438 ]
194 silly gunzTarPerm extractEntry test/resultSet1.js
195 silly gunzTarPerm modified mode [ 'test/resultSet1.js', 420, 438 ]
196 silly gunzTarPerm extractEntry test/dataTypeBinaryDouble.js
197 silly gunzTarPerm modified mode [ 'test/dataTypeBinaryDouble.js', 420, 438 ]
198 silly gunzTarPerm extractEntry test/getConnAfterPoolTerminate.js
199 silly gunzTarPerm modified mode [ 'test/getConnAfterPoolTerminate.js', 420, 438 ]
200 silly gunzTarPerm extractEntry test/dataTypeAssist.js
201 silly gunzTarPerm modified mode [ 'test/dataTypeAssist.js', 420, 438 ]
202 silly gunzTarPerm extractEntry test/releaseAfterFailingTerminate.js
203 silly gunzTarPerm modified mode [ 'test/releaseAfterFailingTerminate.js', 420, 438 ]
204 silly gunzTarPerm extractEntry test/connection.js
205 silly gunzTarPerm modified mode [ 'test/connection.js', 420, 438 ]
206 silly gunzTarPerm extractEntry test/lobProperties.js
207 silly gunzTarPerm modified mode [ 'test/lobProperties.js', 420, 438 ]
208 silly gunzTarPerm extractEntry test/columnMetadata.js
209 silly gunzTarPerm modified mode [ 'test/columnMetadata.js', 420, 438 ]
210 silly gunzTarPerm extractEntry test/lobResultSet.js
211 silly gunzTarPerm modified mode [ 'test/lobResultSet.js', 420, 438 ]
212 silly gunzTarPerm extractEntry test/resultSet2.js
213 silly gunzTarPerm modified mode [ 'test/resultSet2.js', 420, 438 ]
214 silly gunzTarPerm extractEntry test/nestedCursor.js
215 silly gunzTarPerm modified mode [ 'test/nestedCursor.js', 420, 438 ]
216 silly gunzTarPerm extractEntry test/clobPlsqlString.js
217 silly gunzTarPerm modified mode [ 'test/clobPlsqlString.js', 420, 438 ]
218 silly gunzTarPerm extractEntry test/nullColumnValues.js
219 silly gunzTarPerm modified mode [ 'test/nullColumnValues.js', 420, 438 ]
220 silly gunzTarPerm extractEntry test/checkClassesTypes.js
221 silly gunzTarPerm modified mode [ 'test/checkClassesTypes.js', 420, 438 ]
222 silly gunzTarPerm extractEntry test/plsqlBinding.js
223 silly gunzTarPerm modified mode [ 'test/plsqlBinding.js', 420, 438 ]
224 silly gunzTarPerm extractEntry test/binding.js
225 silly gunzTarPerm modified mode [ 'test/binding.js', 420, 438 ]
226 silly gunzTarPerm extractEntry test/pool.js
227 silly gunzTarPerm modified mode [ 'test/pool.js', 420, 438 ]
228 silly gunzTarPerm extractEntry test/autoCommitForSelect.js
229 silly gunzTarPerm modified mode [ 'test/autoCommitForSelect.js', 420, 438 ]
230 silly gunzTarPerm extractEntry test/poolTimeout.js
231 silly gunzTarPerm modified mode [ 'test/poolTimeout.js', 420, 438 ]
232 silly gunzTarPerm extractEntry test/autoCommit4nestedExecutes.js
233 silly gunzTarPerm modified mode [ 'test/autoCommit4nestedExecutes.js', 420, 438 ]
234 silly gunzTarPerm extractEntry test/poolValidityAfterFailingTerminate.js
235 silly gunzTarPerm modified mode [ 'test/poolValidityAfterFailingTerminate.js', 420, 438 ]
236 silly gunzTarPerm extractEntry test/autoCommit.js
237 silly gunzTarPerm modified mode [ 'test/autoCommit.js', 420, 438 ]
238 silly gunzTarPerm extractEntry test/properties.js
239 silly gunzTarPerm modified mode [ 'test/properties.js', 420, 438 ]
240 silly gunzTarPerm extractEntry test/dataTypeRowid.js
241 silly gunzTarPerm modified mode [ 'test/dataTypeRowid.js', 420, 438 ]
242 silly gunzTarPerm extractEntry test/sqlWithWarnings.js
243 silly gunzTarPerm modified mode [ 'test/sqlWithWarnings.js', 420, 438 ]
244 silly gunzTarPerm extractEntry test/dataTypeTimestamp2.js
245 silly gunzTarPerm modified mode [ 'test/dataTypeTimestamp2.js', 420, 438 ]
246 silly gunzTarPerm extractEntry test/list.txt
247 silly gunzTarPerm modified mode [ 'test/list.txt', 420, 438 ]
248 silly gunzTarPerm extractEntry test/fuzzydinosaur.jpg
249 silly gunzTarPerm modified mode [ 'test/fuzzydinosaur.jpg', 420, 438 ]
250 silly gunzTarPerm extractEntry test/clobexample.txt
251 silly gunzTarPerm modified mode [ 'test/clobexample.txt', 420, 438 ]
252 verbose write writing to C:\Users\leo.alves\node_modules\oracledb\package.json
253 info preinstall oracledb@1.6.0
254 verbose readDependencies loading dependencies from C:\Users\leo.alves\node_modules\oracledb\package.json
255 silly prepareForInstallMany adding nan@~2.1.0 from oracledb dependencies
256 verbose readDependencies loading dependencies from C:\Users\leo.alves\node_modules\oracledb\package.json
257 silly cache add args [ 'nan@~2.1.0', null ]
258 verbose cache add spec nan@~2.1.0
259 silly cache add parsed spec Result {
259 silly cache add   raw: 'nan@~2.1.0',
259 silly cache add   scope: null,
259 silly cache add   name: 'nan',
259 silly cache add   rawSpec: '~2.1.0',
259 silly cache add   spec: '>=2.1.0 <2.2.0',
259 silly cache add   type: 'range' }
260 silly addNamed nan@>=2.1.0 <2.2.0
261 verbose addNamed ">=2.1.0 <2.2.0" is a valid semver range for nan
262 silly addNameRange { name: 'nan', range: '>=2.1.0 <2.2.0', hasData: false }
263 silly mapToRegistry name nan
264 silly mapToRegistry using default registry
265 silly mapToRegistry registry https://registry.npmjs.org/
266 silly mapToRegistry uri https://registry.npmjs.org/nan
267 verbose addNameRange registry:https://registry.npmjs.org/nan not in flight; fetching
268 verbose request uri https://registry.npmjs.org/nan
269 verbose request no auth needed
270 info attempt registry request try #1 at 12:55:04
271 verbose etag "7Y2U1A5TWU1O0YTKGMD4FB8ZN"
272 http request GET https://registry.npmjs.org/nan
273 http 200 https://registry.npmjs.org/nan
274 verbose headers { server: 'CouchDB/1.5.0 (Erlang OTP/R16B03)',
274 verbose headers   etag: '"BAVERG4EG5W3XHF012VJBMBOB"',
274 verbose headers   'content-type': 'application/json',
274 verbose headers   'cache-control': 'max-age=300',
274 verbose headers   'content-length': '102511',
274 verbose headers   'accept-ranges': 'bytes',
274 verbose headers   date: 'Fri, 26 Feb 2016 15:55:49 GMT',
274 verbose headers   via: '1.1 varnish',
274 verbose headers   age: '115',
274 verbose headers   connection: 'keep-alive',
274 verbose headers   'x-served-by': 'cache-jfk1041-JFK',
274 verbose headers   'x-cache': 'HIT',
274 verbose headers   'x-cache-hits': '8',
274 verbose headers   'x-timer': 'S1456502149.207701,VS0,VE0',
274 verbose headers   vary: 'Accept' }
275 silly get cb [ 200,
275 silly get   { server: 'CouchDB/1.5.0 (Erlang OTP/R16B03)',
275 silly get     etag: '"BAVERG4EG5W3XHF012VJBMBOB"',
275 silly get     'content-type': 'application/json',
275 silly get     'cache-control': 'max-age=300',
275 silly get     'content-length': '102511',
275 silly get     'accept-ranges': 'bytes',
275 silly get     date: 'Fri, 26 Feb 2016 15:55:49 GMT',
275 silly get     via: '1.1 varnish',
275 silly get     age: '115',
275 silly get     connection: 'keep-alive',
275 silly get     'x-served-by': 'cache-jfk1041-JFK',
275 silly get     'x-cache': 'HIT',
275 silly get     'x-cache-hits': '8',
275 silly get     'x-timer': 'S1456502149.207701,VS0,VE0',
275 silly get     vary: 'Accept' } ]
276 verbose get saving nan to C:\Users\leo.alves\AppData\Roaming\npm-cache\registry.npmjs.org\nan\.cache.json
277 silly addNameRange number 2 { name: 'nan', range: '>=2.1.0 <2.2.0', hasData: true }
278 silly addNameRange versions [ 'nan',
278 silly addNameRange   [ '0.3.0-wip',
278 silly addNameRange     '0.3.0-wip2',
278 silly addNameRange     '0.3.0',
278 silly addNameRange     '0.3.1',
278 silly addNameRange     '0.3.2',
278 silly addNameRange     '0.4.0',
278 silly addNameRange     '0.4.1',
278 silly addNameRange     '0.4.2',
278 silly addNameRange     '0.4.3',
278 silly addNameRange     '0.4.4',
278 silly addNameRange     '0.5.0',
278 silly addNameRange     '0.5.1',
278 silly addNameRange     '0.5.2',
278 silly addNameRange     '0.6.0',
278 silly addNameRange     '0.7.0',
278 silly addNameRange     '0.7.1',
278 silly addNameRange     '0.8.0',
278 silly addNameRange     '1.0.0',
278 silly addNameRange     '1.1.0',
278 silly addNameRange     '1.1.1',
278 silly addNameRange     '1.1.2',
278 silly addNameRange     '1.2.0',
278 silly addNameRange     '1.3.0',
278 silly addNameRange     '1.4.0',
278 silly addNameRange     '1.4.1',
278 silly addNameRange     '1.5.0',
278 silly addNameRange     '1.4.2',
278 silly addNameRange     '1.4.3',
278 silly addNameRange     '1.5.1',
278 silly addNameRange     '1.5.2',
278 silly addNameRange     '1.6.0',
278 silly addNameRange     '1.5.3',
278 silly addNameRange     '1.6.1',
278 silly addNameRange     '1.6.2',
278 silly addNameRange     '1.7.0',
278 silly addNameRange     '1.8.0',
278 silly addNameRange     '1.8.1',
278 silly addNameRange     '1.8.2',
278 silly addNameRange     '1.8.3',
278 silly addNameRange     '1.8.4',
278 silly addNameRange     '1.9.0',
278 silly addNameRange     '2.0.0',
278 silly addNameRange     '2.0.1',
278 silly addNameRange     '2.0.2',
278 silly addNameRange     '2.0.3',
278 silly addNameRange     '2.0.4',
278 silly addNameRange     '2.0.5',
278 silly addNameRange     '2.0.6',
278 silly addNameRange     '2.0.7',
278 silly addNameRange     '2.0.8',
278 silly addNameRange     '2.0.9',
278 silly addNameRange     '2.1.0',
278 silly addNameRange     '2.2.0' ] ]
279 silly addNamed nan@2.1.0
280 verbose addNamed "2.1.0" is a plain semver version for nan
281 silly cache afterAdd nan@2.1.0
282 verbose afterAdd C:\Users\leo.alves\AppData\Roaming\npm-cache\nan\2.1.0\package\package.json not in flight; writing
283 verbose afterAdd C:\Users\leo.alves\AppData\Roaming\npm-cache\nan\2.1.0\package\package.json written
284 silly install resolved [ { name: 'nan',
284 silly install resolved     version: '2.1.0',
284 silly install resolved     description: 'Native Abstractions for Node.js: C++ header for Node 0.8 -> 4 compatibility',
284 silly install resolved     main: 'include_dirs.js',
284 silly install resolved     repository: { type: 'git', url: 'git://github.com/nodejs/nan.git' },
284 silly install resolved     scripts:
284 silly install resolved      { test: 'tap --gc test/js/*-test.js',
284 silly install resolved        'rebuild-tests': 'node-gyp rebuild --msvs_version=2013 --directory test',
284 silly install resolved        docs: 'doc/.build.sh' },
284 silly install resolved     contributors:
284 silly install resolved      [ [Object],
284 silly install resolved        [Object],
284 silly install resolved        [Object],
284 silly install resolved        [Object],
284 silly install resolved        [Object],
284 silly install resolved        [Object],
284 silly install resolved        [Object] ],
284 silly install resolved     devDependencies:
284 silly install resolved      { bindings: '~1.2.1',
284 silly install resolved        commander: '^2.8.1',
284 silly install resolved        glob: '^5.0.14',
284 silly install resolved        'node-gyp': '~3.0.1',
284 silly install resolved        tap: '~0.7.1',
284 silly install resolved        xtend: '~4.0.0' },
284 silly install resolved     license: 'MIT',
284 silly install resolved     bugs: { url: 'https://github.com/nodejs/nan/issues' },
284 silly install resolved     homepage: 'https://github.com/nodejs/nan#readme',
284 silly install resolved     _id: 'nan@2.1.0',
284 silly install resolved     _shasum: '020a7ccedc63fdee85f85967d5607849e74abbe8',
284 silly install resolved     _resolved: 'https://registry.npmjs.org/nan/-/nan-2.1.0.tgz',
284 silly install resolved     _from: 'nan@>=2.1.0 <2.2.0',
284 silly install resolved     _npmVersion: '3.3.5',
284 silly install resolved     _nodeVersion: '4.1.2',
284 silly install resolved     _npmUser: { name: 'kkoopa', email: 'bbyholm@abo.fi' },
284 silly install resolved     dist:
284 silly install resolved      { shasum: '020a7ccedc63fdee85f85967d5607849e74abbe8',
284 silly install resolved        tarball: 'http://registry.npmjs.org/nan/-/nan-2.1.0.tgz' },
284 silly install resolved     maintainers: [ [Object], [Object] ],
284 silly install resolved     directories: {},
284 silly install resolved     readme: 'ERROR: No README data found!' } ]
285 info install nan@2.1.0 into C:\Users\leo.alves\node_modules\oracledb
286 info installOne nan@2.1.0
287 verbose installOne of nan to C:\Users\leo.alves\node_modules\oracledb not in flight; installing
288 verbose lock using C:\Users\leo.alves\AppData\Roaming\npm-cache\_locks\nan-f7af501171a97281.lock for C:\Users\leo.alves\node_modules\oracledb\node_modules\nan
289 silly install write writing nan 2.1.0 to C:\Users\leo.alves\node_modules\oracledb\node_modules\nan
290 verbose unbuild node_modules\oracledb\node_modules\nan
291 silly gentlyRm C:\Users\leo.alves\node_modules\oracledb\node_modules\nan is being purged from base C:\Users\leo.alves
292 verbose gentlyRm don't care about contents; nuking C:\Users\leo.alves\node_modules\oracledb\node_modules\nan
293 verbose tar unpack C:\Users\leo.alves\AppData\Roaming\npm-cache\nan\2.1.0\package.tgz
294 verbose tar unpacking to C:\Users\leo.alves\node_modules\oracledb\node_modules\nan
295 silly gentlyRm C:\Users\leo.alves\node_modules\oracledb\node_modules\nan is being purged
296 verbose gentlyRm don't care about contents; nuking C:\Users\leo.alves\node_modules\oracledb\node_modules\nan
297 silly gunzTarPerm modes [ '777', '666' ]
298 silly gunzTarPerm extractEntry package.json
299 silly gunzTarPerm modified mode [ 'package.json', 436, 438 ]
300 silly gunzTarPerm extractEntry README.md
301 silly gunzTarPerm modified mode [ 'README.md', 436, 438 ]
302 silly gunzTarPerm extractEntry include_dirs.js
303 silly gunzTarPerm modified mode [ 'include_dirs.js', 436, 438 ]
304 silly gunzTarPerm extractEntry nan_converters.h
305 silly gunzTarPerm modified mode [ 'nan_converters.h', 436, 438 ]
306 silly gunzTarPerm extractEntry LICENSE.md
307 silly gunzTarPerm modified mode [ 'LICENSE.md', 436, 438 ]
308 silly gunzTarPerm extractEntry .dntrc
309 silly gunzTarPerm modified mode [ '.dntrc', 436, 438 ]
310 silly gunzTarPerm extractEntry appveyor.yml
311 silly gunzTarPerm modified mode [ 'appveyor.yml', 436, 438 ]
312 silly gunzTarPerm extractEntry doc/new.md
313 silly gunzTarPerm modified mode [ 'doc/new.md', 436, 438 ]
314 silly gunzTarPerm extractEntry doc/.build.sh
315 silly gunzTarPerm modified mode [ 'doc/.build.sh', 509, 511 ]
316 silly gunzTarPerm extractEntry doc/buffers.md
317 silly gunzTarPerm modified mode [ 'doc/buffers.md', 436, 438 ]
318 silly gunzTarPerm extractEntry doc/callback.md
319 silly gunzTarPerm modified mode [ 'doc/callback.md', 436, 438 ]
320 silly gunzTarPerm extractEntry doc/converters.md
321 silly gunzTarPerm modified mode [ 'doc/converters.md', 436, 438 ]
322 silly gunzTarPerm extractEntry doc/errors.md
323 silly gunzTarPerm modified mode [ 'doc/errors.md', 436, 438 ]
324 silly gunzTarPerm extractEntry doc/maybe_types.md
325 silly gunzTarPerm modified mode [ 'doc/maybe_types.md', 436, 438 ]
326 silly gunzTarPerm extractEntry doc/methods.md
327 silly gunzTarPerm modified mode [ 'doc/methods.md', 436, 438 ]
328 silly gunzTarPerm extractEntry doc/asyncworker.md
329 silly gunzTarPerm modified mode [ 'doc/asyncworker.md', 436, 438 ]
330 silly gunzTarPerm extractEntry doc/node_misc.md
331 silly gunzTarPerm modified mode [ 'doc/node_misc.md', 436, 438 ]
332 silly gunzTarPerm extractEntry doc/persistent.md
333 silly gunzTarPerm modified mode [ 'doc/persistent.md', 436, 438 ]
334 silly gunzTarPerm extractEntry doc/scopes.md
335 silly gunzTarPerm modified mode [ 'doc/scopes.md', 436, 438 ]
336 silly gunzTarPerm extractEntry doc/script.md
337 silly gunzTarPerm modified mode [ 'doc/script.md', 436, 438 ]
338 silly gunzTarPerm extractEntry doc/string_bytes.md
339 silly gunzTarPerm modified mode [ 'doc/string_bytes.md', 436, 438 ]
340 silly gunzTarPerm extractEntry doc/v8_internals.md
341 silly gunzTarPerm modified mode [ 'doc/v8_internals.md', 436, 438 ]
342 silly gunzTarPerm extractEntry doc/v8_misc.md
343 silly gunzTarPerm modified mode [ 'doc/v8_misc.md', 436, 438 ]
344 silly gunzTarPerm extractEntry nan.h
345 silly gunzTarPerm modified mode [ 'nan.h', 436, 438 ]
346 silly gunzTarPerm extractEntry nan_callbacks.h
347 silly gunzTarPerm modified mode [ 'nan_callbacks.h', 436, 438 ]
348 silly gunzTarPerm extractEntry nan_callbacks_12_inl.h
349 silly gunzTarPerm modified mode [ 'nan_callbacks_12_inl.h', 436, 438 ]
350 silly gunzTarPerm extractEntry nan_callbacks_pre_12_inl.h
351 silly gunzTarPerm modified mode [ 'nan_callbacks_pre_12_inl.h', 436, 438 ]
352 silly gunzTarPerm extractEntry nan_converters_43_inl.h
353 silly gunzTarPerm modified mode [ 'nan_converters_43_inl.h', 436, 438 ]
354 silly gunzTarPerm extractEntry nan_converters_pre_43_inl.h
355 silly gunzTarPerm modified mode [ 'nan_converters_pre_43_inl.h', 436, 438 ]
356 silly gunzTarPerm extractEntry nan_implementation_12_inl.h
357 silly gunzTarPerm modified mode [ 'nan_implementation_12_inl.h', 436, 438 ]
358 silly gunzTarPerm extractEntry nan_implementation_pre_12_inl.h
359 silly gunzTarPerm modified mode [ 'nan_implementation_pre_12_inl.h', 436, 438 ]
360 silly gunzTarPerm extractEntry nan_maybe_43_inl.h
361 silly gunzTarPerm modified mode [ 'nan_maybe_43_inl.h', 436, 438 ]
362 silly gunzTarPerm extractEntry nan_maybe_pre_43_inl.h
363 silly gunzTarPerm modified mode [ 'nan_maybe_pre_43_inl.h', 436, 438 ]
364 silly gunzTarPerm extractEntry nan_new.h
365 silly gunzTarPerm modified mode [ 'nan_new.h', 436, 438 ]
366 silly gunzTarPerm extractEntry nan_object_wrap.h
367 silly gunzTarPerm modified mode [ 'nan_object_wrap.h', 436, 438 ]
368 silly gunzTarPerm extractEntry nan_persistent_12_inl.h
369 silly gunzTarPerm modified mode [ 'nan_persistent_12_inl.h', 436, 438 ]
370 silly gunzTarPerm extractEntry nan_persistent_pre_12_inl.h
371 silly gunzTarPerm modified mode [ 'nan_persistent_pre_12_inl.h', 436, 438 ]
372 silly gunzTarPerm extractEntry nan_string_bytes.h
373 silly gunzTarPerm modified mode [ 'nan_string_bytes.h', 436, 438 ]
374 silly gunzTarPerm extractEntry nan_typedarray_contents.h
375 silly gunzTarPerm modified mode [ 'nan_typedarray_contents.h', 436, 438 ]
376 silly gunzTarPerm extractEntry nan_weak.h
377 silly gunzTarPerm modified mode [ 'nan_weak.h', 436, 438 ]
378 silly gunzTarPerm extractEntry CHANGELOG.md
379 silly gunzTarPerm modified mode [ 'CHANGELOG.md', 436, 438 ]
380 silly gunzTarPerm extractEntry tools/package.json
381 silly gunzTarPerm modified mode [ 'tools/package.json', 436, 438 ]
382 silly gunzTarPerm extractEntry tools/README.md
383 silly gunzTarPerm modified mode [ 'tools/README.md', 436, 438 ]
384 silly gunzTarPerm extractEntry tools/1to2.js
385 silly gunzTarPerm modified mode [ 'tools/1to2.js', 509, 511 ]
386 verbose write writing to C:\Users\leo.alves\node_modules\oracledb\node_modules\nan\package.json
387 info preinstall nan@2.1.0
388 verbose readDependencies loading dependencies from C:\Users\leo.alves\node_modules\oracledb\node_modules\nan\package.json
389 verbose readDependencies loading dependencies from C:\Users\leo.alves\node_modules\oracledb\node_modules\nan\package.json
390 silly install resolved []
391 verbose about to build C:\Users\leo.alves\node_modules\oracledb\node_modules\nan
392 info build C:\Users\leo.alves\node_modules\oracledb\node_modules\nan
393 info linkStuff nan@2.1.0
394 silly linkStuff nan@2.1.0 has C:\Users\leo.alves\node_modules\oracledb\node_modules as its parent node_modules
395 verbose linkBins nan@2.1.0
396 verbose linkMans nan@2.1.0
397 verbose rebuildBundles nan@2.1.0
398 info install nan@2.1.0
399 info postinstall nan@2.1.0
400 verbose unlock done using C:\Users\leo.alves\AppData\Roaming\npm-cache\_locks\nan-f7af501171a97281.lock for C:\Users\leo.alves\node_modules\oracledb\node_modules\nan
401 verbose about to build C:\Users\leo.alves\node_modules\oracledb
402 info build C:\Users\leo.alves\node_modules\oracledb
403 info linkStuff oracledb@1.6.0
404 silly linkStuff oracledb@1.6.0 has C:\Users\leo.alves\node_modules as its parent node_modules
405 verbose linkBins oracledb@1.6.0
406 verbose linkMans oracledb@1.6.0
407 verbose rebuildBundles oracledb@1.6.0
408 verbose rebuildBundles [ 'nan' ]
409 info install oracledb@1.6.0
410 verbose unsafe-perm in lifecycle true
411 info oracledb@1.6.0 Failed to exec install script
412 verbose unlock done using C:\Users\leo.alves\AppData\Roaming\npm-cache\_locks\oracledb-4c276b49e220f078.lock for C:\Users\leo.alves\node_modules\oracledb
413 verbose stack Error: oracledb@1.6.0 install: `node-gyp rebuild`
413 verbose stack Exit status 1
413 verbose stack     at EventEmitter.<anonymous> (C:\Program Files\nodejs\node_modules\npm\lib\utils\lifecycle.js:214:16)
413 verbose stack     at emitTwo (events.js:87:13)
413 verbose stack     at EventEmitter.emit (events.js:172:7)
413 verbose stack     at ChildProcess.<anonymous> (C:\Program Files\nodejs\node_modules\npm\lib\utils\spawn.js:24:14)
413 verbose stack     at emitTwo (events.js:87:13)
413 verbose stack     at ChildProcess.emit (events.js:172:7)
413 verbose stack     at maybeClose (internal/child_process.js:821:16)
413 verbose stack     at Process.ChildProcess._handle.onexit (internal/child_process.js:211:5)
414 verbose pkgid oracledb@1.6.0
415 verbose cwd C:\Users\leo.alves\Documents\Git\nodeprojects\oraconnection
416 error Windows_NT 6.1.7601
417 error argv "C:\\Program Files\\nodejs\\node.exe" "C:\\Program Files\\nodejs\\node_modules\\npm\\bin\\npm-cli.js" "install" "oracledb"
418 error node v4.3.1
419 error npm  v2.14.12
420 error code ELIFECYCLE
421 error oracledb@1.6.0 install: `node-gyp rebuild`
421 error Exit status 1
422 error Failed at the oracledb@1.6.0 install script 'node-gyp rebuild'.
422 error This is most likely a problem with the oracledb package,
422 error not with npm itself.
422 error Tell the author that this fails on your system:
422 error     node-gyp rebuild
422 error You can get their info via:
422 error     npm owner ls oracledb
422 error There is likely additional logging output above.
423 verbose exit [ 1, true ]
424 verbose unbuild node_modules\oracledb
425 info preuninstall oracledb@1.6.0
426 info uninstall oracledb@1.6.0
427 verbose unbuild rmStuff oracledb@1.6.0 from C:\Users\leo.alves\node_modules
428 info postuninstall oracledb@1.6.0
429 silly gentlyRm C:\Users\leo.alves\node_modules\oracledb is being purged from base C:\Users\leo.alves
430 verbose gentlyRm don't care about contents; nuking C:\Users\leo.alves\node_modules\oracledb
431 silly vacuum-fs purging C:\Users\leo.alves\node_modules\oracledb
432 silly vacuum-fs quitting because other entries in C:\Users\leo.alves\node_modules
